2018-04-20 17:14:27.005  INFO 5960 --- [main] DemoApplication      : Starting DemoApplication on LAPTOP-CT29F0O2 with PID 5960 (D:\testpaypal\target\classes started by lhao in D:\testpaypal)
2018-04-20 17:14:27.009  INFO 5960 --- [main] DemoApplication      : No active profile set, falling back to default profiles: default
2018-04-20 17:14:27.474  INFO 5960 --- [main] ationConfigEmbeddedWebApplicationContext : Refreshing org.springframework.boot.context.embedded.AnnotationConfigEmbeddedWebApplicationContext@25359ed8: startup date [Fri Apr 20 17:14:27 CST 2018]; root of context hierarchy
2018-04-20 17:14:29.689  INFO 5960 --- [main] s.b.c.e.t.TomcatEmbeddedServletContainer : Tomcat initialized with port(s): 8088 (http)
2018-04-20 17:14:29.770  INFO 5960 --- [main] o.apache.catalina.core.StandardService   : Starting service [Tomcat]
2018-04-20 17:14:29.773  INFO 5960 --- [main] org.apache.catalina.core.StandardEngine  : Starting Servlet Engine: Apache Tomcat/8.5.29
2018-04-20 17:14:29.963  INFO 5960 --- [localhost-startStop-1] o.a.c.c.C.[Tomcat].[localhost].[/]       : Initializing Spring embedded WebApplicationContext
2018-04-20 17:14:29.964  INFO 5960 --- [localhost-startStop-1] o.s.web.context.ContextLoader            : Root WebApplicationContext: initialization completed in 2494 ms
2018-04-20 17:14:30.222  INFO 5960 --- [localhost-startStop-1] o.s.b.w.servlet.ServletRegistrationBean  : Mapping servlet: 'dispatcherServlet' to [/]
2018-04-20 17:14:30.227  INFO 5960 --- [localhost-startStop-1] o.s.b.w.servlet.FilterRegistrationBean   : Mapping filter: 'characterEncodingFilter' to: [/*]
2018-04-20 17:14:30.228  INFO 5960 --- [localhost-startStop-1] o.s.b.w.servlet.FilterRegistrationBean   : Mapping filter: 'hiddenHttpMethodFilter' to: [/*]
2018-04-20 17:14:30.228  INFO 5960 --- [localhost-startStop-1] o.s.b.w.servlet.FilterRegistrationBean   : Mapping filter: 'httpPutFormContentFilter' to: [/*]
2018-04-20 17:14:30.228  INFO 5960 --- [localhost-startStop-1] o.s.b.w.servlet.FilterRegistrationBean   : Mapping filter: 'requestContextFilter' to: [/*]
2018-04-20 17:14:30.673  INFO 5960 --- [main] s.w.s.m.m.a.RequestMappingHandlerAdapter : Looking for @ControllerAdvice: org.springframework.boot.context.embedded.AnnotationConfigEmbeddedWebApplicationContext@25359ed8: startup date [Fri Apr 20 17:14:27 CST 2018]; root of context hierarchy
2018-04-20 17:14:30.756  INFO 5960 --- [main] s.w.s.m.m.a.RequestMappingHandlerMapping : Mapped "{[/],methods=[GET]}" onto public java.lang.String PaymentController.index()
2018-04-20 17:14:30.760  INFO 5960 --- [main] s.w.s.m.m.a.RequestMappingHandlerMapping : Mapped "{[/pay],methods=[POST]}" onto public java.lang.String PaymentController.pay(javax.servlet.http.HttpServletRequest)
2018-04-20 17:14:30.761  INFO 5960 --- [main] s.w.s.m.m.a.RequestMappingHandlerMapping : Mapped "{[/pay/cancel],methods=[GET]}" onto public java.lang.String PaymentController.cancelPay()
2018-04-20 17:14:30.761  INFO 5960 --- [main] s.w.s.m.m.a.RequestMappingHandlerMapping : Mapped "{[/pay/success],methods=[GET]}" onto public java.lang.String PaymentController.successPay(java.lang.String,java.lang.String)
2018-04-20 17:14:30.764  INFO 5960 --- [main] s.w.s.m.m.a.RequestMappingHandlerMapping : Mapped "{[/error]}" onto public org.springframework.http.ResponseEntity<java.util.Map<java.lang.String, java.lang.Object>> org.springframework.boot.autoconfigure.web.BasicErrorController.error(javax.servlet.http.HttpServletRequest)
2018-04-20 17:14:30.765  INFO 5960 --- [main] s.w.s.m.m.a.RequestMappingHandlerMapping : Mapped "{[/error],produces=[text/html]}" onto public org.springframework.web.servlet.ModelAndView org.springframework.boot.autoconfigure.web.BasicErrorController.errorHtml(javax.servlet.http.HttpServletRequest,javax.servlet.http.HttpServletResponse)
2018-04-20 17:14:30.802  INFO 5960 --- [main] o.s.w.s.handler.SimpleUrlHandlerMapping  : Mapped URL path [/webjars/**] onto handler of type [class org.springframework.web.servlet.resource.ResourceHttpRequestHandler]
2018-04-20 17:14:30.803  INFO 5960 --- [main] o.s.w.s.handler.SimpleUrlHandlerMapping  : Mapped URL path [/**] onto handler of type [class org.springframework.web.servlet.resource.ResourceHttpRequestHandler]
2018-04-20 17:14:30.845  INFO 5960 --- [main] o.s.w.s.handler.SimpleUrlHandlerMapping  : Mapped URL path [/**/favicon.ico] onto handler of type [class org.springframework.web.servlet.resource.ResourceHttpRequestHandler]
2018-04-20 17:14:31.500  INFO 5960 --- [main] o.s.j.e.a.AnnotationMBeanExporter        : Registering beans for JMX exposure on startup
2018-04-20 17:14:31.567  INFO 5960 --- [main] s.b.c.e.t.TomcatEmbeddedServletContainer : Tomcat started on port(s): 8088 (http)
2018-04-20 17:14:31.574  INFO 5960 --- [main] DemoApplication      : Started DemoApplication in 5.225 seconds (JVM running for 7.102)
2018-04-20 17:18:48.483  INFO 5960 --- [http-nio-8088-exec-1] o.a.c.c.C.[Tomcat].[localhost].[/]       : Initializing Spring FrameworkServlet 'dispatcherServlet'
2018-04-20 17:18:48.483  INFO 5960 --- [http-nio-8088-exec-1] o.s.web.servlet.DispatcherServlet        : FrameworkServlet 'dispatcherServlet': initialization started
2018-04-20 17:18:48.529  INFO 5960 --- [http-nio-8088-exec-1] o.s.web.servlet.DispatcherServlet        : FrameworkServlet 'dispatcherServlet': initialization completed in 46 ms
2018-04-20 17:21:53.854  INFO 12264 --- [main] DemoApplication      : Starting DemoApplication on LAPTOP-CT29F0O2 with PID 12264 (D:\testpaypal\target\classes started by lhao in D:\testpaypal)
2018-04-20 17:21:53.857 DEBUG 12264 --- [main] DemoApplication      : Running with Spring Boot v1.5.12.RELEASE, Spring v4.3.16.RELEASE
2018-04-20 17:21:53.858  INFO 12264 --- [main] DemoApplication      : No active profile set, falling back to default profiles: default
2018-04-20 17:21:54.277  INFO 12264 --- [main] ationConfigEmbeddedWebApplicationContext : Refreshing org.springframework.boot.context.embedded.AnnotationConfigEmbeddedWebApplicationContext@25359ed8: startup date [Fri Apr 20 17:21:54 CST 2018]; root of context hierarchy
2018-04-20 17:21:55.964  INFO 12264 --- [main] s.b.c.e.t.TomcatEmbeddedServletContainer : Tomcat initialized with port(s): 8088 (http)
2018-04-20 17:21:56.004  INFO 12264 --- [main] o.apache.catalina.core.StandardService   : Starting service [Tomcat]
2018-04-20 17:21:56.005  INFO 12264 --- [main] org.apache.catalina.core.StandardEngine  : Starting Servlet Engine: Apache Tomcat/8.5.29
2018-04-20 17:21:56.156  INFO 12264 --- [localhost-startStop-1] o.a.c.c.C.[Tomcat].[localhost].[/]       : Initializing Spring embedded WebApplicationContext
2018-04-20 17:21:56.156  INFO 12264 --- [localhost-startStop-1] o.s.web.context.ContextLoader            : Root WebApplicationContext: initialization completed in 1886 ms
2018-04-20 17:21:56.385  INFO 12264 --- [localhost-startStop-1] o.s.b.w.servlet.ServletRegistrationBean  : Mapping servlet: 'dispatcherServlet' to [/]
2018-04-20 17:21:56.390  INFO 12264 --- [localhost-startStop-1] o.s.b.w.servlet.FilterRegistrationBean   : Mapping filter: 'characterEncodingFilter' to: [/*]
2018-04-20 17:21:56.391  INFO 12264 --- [localhost-startStop-1] o.s.b.w.servlet.FilterRegistrationBean   : Mapping filter: 'hiddenHttpMethodFilter' to: [/*]
2018-04-20 17:21:56.391  INFO 12264 --- [localhost-startStop-1] o.s.b.w.servlet.FilterRegistrationBean   : Mapping filter: 'httpPutFormContentFilter' to: [/*]
2018-04-20 17:21:56.391  INFO 12264 --- [localhost-startStop-1] o.s.b.w.servlet.FilterRegistrationBean   : Mapping filter: 'requestContextFilter' to: [/*]
2018-04-20 17:21:56.865  INFO 12264 --- [main] s.w.s.m.m.a.RequestMappingHandlerAdapter : Looking for @ControllerAdvice: org.springframework.boot.context.embedded.AnnotationConfigEmbeddedWebApplicationContext@25359ed8: startup date [Fri Apr 20 17:21:54 CST 2018]; root of context hierarchy
2018-04-20 17:21:56.945  INFO 12264 --- [main] s.w.s.m.m.a.RequestMappingHandlerMapping : Mapped "{[/],methods=[GET]}" onto public java.lang.String PaymentController.index()
2018-04-20 17:21:56.949  INFO 12264 --- [main] s.w.s.m.m.a.RequestMappingHandlerMapping : Mapped "{[/pay],methods=[POST]}" onto public java.lang.String PaymentController.pay(javax.servlet.http.HttpServletRequest)
2018-04-20 17:21:56.950  INFO 12264 --- [main] s.w.s.m.m.a.RequestMappingHandlerMapping : Mapped "{[/pay/success],methods=[GET]}" onto public java.lang.String PaymentController.successPay(java.lang.String,java.lang.String)
2018-04-20 17:21:56.950  INFO 12264 --- [main] s.w.s.m.m.a.RequestMappingHandlerMapping : Mapped "{[/pay/cancel],methods=[GET]}" onto public java.lang.String PaymentController.cancelPay()
2018-04-20 17:21:56.953  INFO 12264 --- [main] s.w.s.m.m.a.RequestMappingHandlerMapping : Mapped "{[/error]}" onto public org.springframework.http.ResponseEntity<java.util.Map<java.lang.String, java.lang.Object>> org.springframework.boot.autoconfigure.web.BasicErrorController.error(javax.servlet.http.HttpServletRequest)
2018-04-20 17:21:56.954  INFO 12264 --- [main] s.w.s.m.m.a.RequestMappingHandlerMapping : Mapped "{[/error],produces=[text/html]}" onto public org.springframework.web.servlet.ModelAndView org.springframework.boot.autoconfigure.web.BasicErrorController.errorHtml(javax.servlet.http.HttpServletRequest,javax.servlet.http.HttpServletResponse)
2018-04-20 17:21:57.012  INFO 12264 --- [main] o.s.w.s.handler.SimpleUrlHandlerMapping  : Mapped URL path [/webjars/**] onto handler of type [class org.springframework.web.servlet.resource.ResourceHttpRequestHandler]
2018-04-20 17:21:57.013  INFO 12264 --- [main] o.s.w.s.handler.SimpleUrlHandlerMapping  : Mapped URL path [/**] onto handler of type [class org.springframework.web.servlet.resource.ResourceHttpRequestHandler]
2018-04-20 17:21:57.062  INFO 12264 --- [main] o.s.w.s.handler.SimpleUrlHandlerMapping  : Mapped URL path [/**/favicon.ico] onto handler of type [class org.springframework.web.servlet.resource.ResourceHttpRequestHandler]
2018-04-20 17:21:57.758  INFO 12264 --- [main] o.s.j.e.a.AnnotationMBeanExporter        : Registering beans for JMX exposure on startup
2018-04-20 17:21:57.830  INFO 12264 --- [main] s.b.c.e.t.TomcatEmbeddedServletContainer : Tomcat started on port(s): 8088 (http)
2018-04-20 17:21:57.837  INFO 12264 --- [main] DemoApplication      : Started DemoApplication in 4.586 seconds (JVM running for 6.548)
2018-04-20 17:23:14.532  INFO 12264 --- [http-nio-8088-exec-1] o.a.c.c.C.[Tomcat].[localhost].[/]       : Initializing Spring FrameworkServlet 'dispatcherServlet'
2018-04-20 17:23:14.533  INFO 12264 --- [http-nio-8088-exec-1] o.s.web.servlet.DispatcherServlet        : FrameworkServlet 'dispatcherServlet': initialization started
2018-04-20 17:23:14.578  INFO 12264 --- [http-nio-8088-exec-1] o.s.web.servlet.DispatcherServlet        : FrameworkServlet 'dispatcherServlet': initialization completed in 44 ms
2018-04-20 17:23:16.739 DEBUG 12264 --- [http-nio-8088-exec-3] c.t.demo.controller.PaymentController    : do pay
2018-04-20 17:23:18.924 DEBUG 12264 --- [http-nio-8088-exec-3] c.testpaypal.demo.service.PaypalService  : accessToken{[accessToken]}
2018-04-20 17:23:25.587 ERROR 12264 --- [http-nio-8088-exec-3] com.paypal.base.HttpConnection           : Error code : 400 with response : {"name":"MALFORMED_REQUEST","message":"Incoming JSON request does not map to API request","information_link":"https://developer.paypal.com/webapps/developer/docs/api/#MALFORMED_REQUEST","debug_id":"e5fdf292ab15b"}
2018-04-20 17:23:25.590 ERROR 12264 --- [http-nio-8088-exec-3] c.t.demo.controller.PaymentController    : Error code : 400 with response : {"name":"MALFORMED_REQUEST","message":"Incoming JSON request does not map to API request","information_link":"https://developer.paypal.com/webapps/developer/docs/api/#MALFORMED_REQUEST","debug_id":"e5fdf292ab15b"}
2018-04-20 17:24:07.486 DEBUG 12264 --- [http-nio-8088-exec-6] c.t.demo.controller.PaymentController    : do pay
2018-04-20 17:24:08.880 DEBUG 12264 --- [http-nio-8088-exec-6] c.testpaypal.demo.service.PaypalService  : accessToken{[accessToken]}
2018-04-20 17:24:18.999 ERROR 12264 --- [http-nio-8088-exec-6] com.paypal.base.HttpConnection           : Error code : 400 with response : {"name":"MALFORMED_REQUEST","message":"Incoming JSON request does not map to API request","information_link":"https://developer.paypal.com/webapps/developer/docs/api/#MALFORMED_REQUEST","debug_id":"a60796491cdb0"}
2018-04-20 17:24:18.999 ERROR 12264 --- [http-nio-8088-exec-6] c.t.demo.controller.PaymentController    : Error code : 400 with response : {"name":"MALFORMED_REQUEST","message":"Incoming JSON request does not map to API request","information_link":"https://developer.paypal.com/webapps/developer/docs/api/#MALFORMED_REQUEST","debug_id":"a60796491cdb0"}
